<?xml version="1.0" encoding="UTF-8"?>
<!-- Generated by org.testng.reporters.JUnitXMLReporter -->
<testsuite hostname="atauser9-PC" ignored="0" name="Allure Report Test" tests="3" failures="1" timestamp="2020-04-29T19:42:06 CDT" time="63.245" errors="0">
  <testcase name="validateLoginPageTitleTest" time="0.336" classname="com.crm.qa1.tests.loginPageTest">
    <failure type="java.lang.AssertionError" message="expected [Free CRM #1 cloud software for any business big or small] but found [Free CRM #1 cloud software for any business large or small]">
      <![CDATA[java.lang.AssertionError: expected [Free CRM #1 cloud software for any business big or small] but found [Free CRM #1 cloud software for any business large or small]
at com.crm.qa1.tests.loginPageTest.validateLoginPageTitleTest(loginPageTest.java:43)
at java.util.ArrayList.forEach(ArrayList.java:1257)
... Removed 32 stack frames]]>
    </failure>
  </testcase> <!-- validateLoginPageTitleTest -->
  <testcase name="validateCRMLogoTest" time="0.683" classname="com.crm.qa1.tests.loginPageTest"/>
  <testcase name="validateLoginTest" time="22.153" classname="com.crm.qa1.tests.loginPageTest"/>
</testsuite> <!-- Allure Report Test -->
